[debug] [2024-10-17T10:25:12.888Z] ----------------------------------------------------------------------
[debug] [2024-10-17T10:25:12.889Z] Command:       /usr/local/bin/node /usr/local/bin/firebase init
[debug] [2024-10-17T10:25:12.889Z] CLI Version:   13.22.0
[debug] [2024-10-17T10:25:12.889Z] Platform:      darwin
[debug] [2024-10-17T10:25:12.890Z] Node Version:  v18.18.2
[debug] [2024-10-17T10:25:12.894Z] Time:          Thu Oct 17 2024 13:25:12 GMT+0300 (Eastern European Summer Time)
[debug] [2024-10-17T10:25:12.894Z] ----------------------------------------------------------------------
[debug] 
[debug] [2024-10-17T10:25:12.897Z] > command requires scopes: ["email","openid","https://www.googleapis.com/auth/cloudplatformprojects.readonly","https://www.googleapis.com/auth/firebase","https://www.googleapis.com/auth/cloud-platform"]
[debug] [2024-10-17T10:25:12.897Z] > authorizing via signed-in user (bodo.bogdan12345@gmail.com)
[info] 
     ######## #### ########  ######## ########     ###     ######  ########
     ##        ##  ##     ## ##       ##     ##  ##   ##  ##       ##
     ######    ##  ########  ######   ########  #########  ######  ######
     ##        ##  ##    ##  ##       ##     ## ##     ##       ## ##
     ##       #### ##     ## ######## ########  ##     ##  ######  ########

You're about to initialize a Firebase project in this directory:

  /Users/bobo/Downloads/Meme Ranking Battle app/this-or-that-game/frontend

[info] 
=== Project Setup
[info] 
[info] First, let's associate this project directory with a Firebase project.
[info] You can create multiple project aliases by running firebase use --add, 
[info] but for now we'll just set up a default project.
[info] 
[debug] [2024-10-17T10:25:17.818Z] Checked if tokens are valid: true, expires at: 1729164305644
[debug] [2024-10-17T10:25:17.819Z] Checked if tokens are valid: true, expires at: 1729164305644
[debug] [2024-10-17T10:25:17.822Z] >>> [apiv2][query] GET https://firebase.googleapis.com/v1beta1/projects pageSize=100
[debug] [2024-10-17T10:25:18.654Z] <<< [apiv2][status] GET https://firebase.googleapis.com/v1beta1/projects 200
[debug] [2024-10-17T10:25:18.654Z] <<< [apiv2][body] GET https://firebase.googleapis.com/v1beta1/projects [omitted]
[info] i  Using project meme-ranking (Meme-ranking) 
[info] 
=== Hosting Setup
[debug] [2024-10-17T10:25:20.711Z] Checked if tokens are valid: true, expires at: 1729164305644
[debug] [2024-10-17T10:25:20.711Z] Checked if tokens are valid: true, expires at: 1729164305644
[debug] [2024-10-17T10:25:20.711Z] >>> [apiv2][query] GET https://firebase.googleapis.com/v1beta1/projects/meme-ranking [none]
[debug] [2024-10-17T10:25:21.209Z] <<< [apiv2][status] GET https://firebase.googleapis.com/v1beta1/projects/meme-ranking 200
[debug] [2024-10-17T10:25:21.210Z] <<< [apiv2][body] GET https://firebase.googleapis.com/v1beta1/projects/meme-ranking {"projectId":"meme-ranking","projectNumber":"808455467002","displayName":"Meme-ranking","name":"projects/meme-ranking","resources":{"hostingSite":"meme-ranking","realtimeDatabaseInstance":"meme-ranking-default-rtdb","storageBucket":"meme-ranking.appspot.com","locationId":"europe-central2"},"state":"ACTIVE","etag":"1_2e47ae5f-687e-4015-9772-552656fbbad1"}
[info] 
[info] Your public directory is the folder (relative to your project directory) that
[info] will contain Hosting assets to be uploaded with firebase deploy. If you
[info] have a build process for your assets, use your build's output directory.
[info] 
[info] ✔  Wrote public/404.html 
[debug] [2024-10-17T10:28:06.093Z] >>> [apiv2][query] GET https://www.gstatic.com/firebasejs/releases.json [none]
[debug] [2024-10-17T10:28:20.990Z] <<< [apiv2][status] GET https://www.gstatic.com/firebasejs/releases.json 200
[debug] [2024-10-17T10:28:20.991Z] <<< [apiv2][body] GET https://www.gstatic.com/firebasejs/releases.json {"current":{"version":"10.14.1","browserURL":"https://www.gstatic.com/firebasejs/10.14.1/firebase.js","packageURL":"https://www.gstatic.com/firebasejs/10.14.1/firebase.tgz"},"live":{"version":"10.14","browserURL":"https://www.gstatic.com/firebasejs/live/10.14/firebase.js","packageURL":"https://www.gstatic.com/firebasejs/live/10.14/firebase.tgz"},"components":{"analytics":"https://www.gstatic.com/firebasejs/10.14.1/firebase-analytics.js","app":"https://www.gstatic.com/firebasejs/10.14.1/firebase-app.js","app-check":"https://www.gstatic.com/firebasejs/10.14.1/firebase-app-check.js","auth":"https://www.gstatic.com/firebasejs/10.14.1/firebase-auth.js","auth/cordova":"https://www.gstatic.com/firebasejs/10.14.1/firebase-auth/cordova.js","auth/web-extension":"https://www.gstatic.com/firebasejs/10.14.1/firebase-auth/web-extension.js","functions":"https://www.gstatic.com/firebasejs/10.14.1/firebase-functions.js","firestore":"https://www.gstatic.com/firebasejs/10.14.1/firebase-firestore.js","firestore/lite":"https://www.gstatic.com/firebasejs/10.14.1/firebase-firestore/lite.js","installations":"https://www.gstatic.com/firebasejs/10.14.1/firebase-installations.js","storage":"https://www.gstatic.com/firebasejs/10.14.1/firebase-storage.js","performance":"https://www.gstatic.com/firebasejs/10.14.1/firebase-performance.js","remote-config":"https://www.gstatic.com/firebasejs/10.14.1/firebase-remote-config.js","messaging":"https://www.gstatic.com/firebasejs/10.14.1/firebase-messaging.js","messaging/sw":"https://www.gstatic.com/firebasejs/10.14.1/firebase-messaging/sw.js","database":"https://www.gstatic.com/firebasejs/10.14.1/firebase-database.js","data-connect":"https://www.gstatic.com/firebasejs/10.14.1/firebase-data-connect.js","vertexai-preview":"https://www.gstatic.com/firebasejs/10.14.1/firebase-vertexai-preview.js","firestore.memory":"https://www.gstatic.com/firebasejs/10.14.1/firebase-firestore.memory.js"}}
[info] i  Skipping write of public/index.html 
[info] 
[info] i  Writing configuration info to firebase.json... 
[info] i  Writing project information to .firebaserc... 
[info] 
[info] ✔  Firebase initialization complete! 
[debug] [2024-10-17T10:28:41.797Z] Error: Timed out.
    at Timeout._onTimeout (/usr/local/lib/node_modules/firebase-tools/lib/utils.js:268:49)
    at listOnTimeout (node:internal/timers:569:17)
    at process.processTimers (node:internal/timers:512:7)
[error] 
[error] Error: An unexpected error has occurred.
